<?xml version="1.0" encoding="UTF-8"?>
<!-- Generated by org.testng.reporters.JUnitReportReporter -->
<testsuite skipped="0" hostname="DESKTOP-LTHR2NN" name="testingtopic.TC008" tests="2" failures="0" timestamp="2021-01-19T17:22:29 GMT" time="0.036" errors="0">
  <testcase name="deleteCustomer" time="0.006" classname="testingtopic.TC008"/>
  <system-out>
Running deleteCustomer  </system-out>
  <testcase name="createCustomer" time="0.030" classname="testingtopic.TC008"/>
  <system-out>
Running createCustomer  </system-out>
</testsuite> <!-- testingtopic.TC008 -->
