<?xml version="1.0" encoding="UTF-8"?>
<!-- Generated by org.testng.reporters.JUnitReportReporter -->
<testsuite skipped="0" hostname="DESKTOP-LTHR2NN" name="testingtopic.TC002" tests="1" failures="0" timestamp="2021-01-10T05:46:51 GMT" time="18.383" errors="0">
  <testcase name="testValidLogin" time="18.383" classname="testingtopic.TC002"/>
  <system-out/>
</testsuite> <!-- testingtopic.TC002 -->
