<?xml version="1.0" encoding="UTF-8"?>
<!-- Generated by org.testng.reporters.JUnitReportReporter -->
<testsuite skipped="0" hostname="DESKTOP-LTHR2NN" name="testingtopic.TC003" tests="1" failures="0" timestamp="2021-01-18T03:09:17 GMT" time="0.063" errors="0">
  <testcase name="testCase" time="0.063" classname="testingtopic.TC003"/>
  <system-out>
Running test Case  </system-out>
</testsuite> <!-- testingtopic.TC003 -->
