<?xml version="1.0" encoding="UTF-8"?>
<!-- Generated by org.testng.reporters.JUnitReportReporter -->
<testsuite skipped="0" hostname="DESKTOP-LTHR2NN" name="testingtopic.TC004" tests="1" failures="0" timestamp="2021-01-18T05:56:49 GMT" time="0.016" errors="0">
  <testcase name="testCase1" time="0.016" classname="testingtopic.TC004"/>
  <system-out>
Running test Case1  </system-out>
</testsuite> <!-- testingtopic.TC004 -->
