<?xml version="1.0" encoding="UTF-8"?>
<!-- Generated by org.testng.reporters.JUnitReportReporter -->
<testsuite skipped="0" hostname="DESKTOP-LTHR2NN" name="testingtopic.TC007" tests="1" failures="0" timestamp="2021-01-19T04:50:08 GMT" time="0.016" errors="0">
  <testcase name="testCase" time="0.016" classname="testingtopic.TC007"/>
  <system-out>
Running test case  </system-out>
</testsuite> <!-- testingtopic.TC007 -->
