<?xml version="1.0" encoding="UTF-8"?>
<!-- Generated by org.testng.reporters.JUnitReportReporter -->
<testsuite skipped="0" hostname="DESKTOP-LTHR2NN" name="testingtopic.TC001" tests="1" failures="0" timestamp="2021-01-10T05:04:30 GMT" time="0.017" errors="0">
  <testcase name="m1" time="0.017" classname="testingtopic.TC001"/>
  <system-out/>
</testsuite> <!-- testingtopic.TC001 -->
