<?xml version="1.0" encoding="UTF-8"?>
<!-- Generated by org.testng.reporters.JUnitReportReporter -->
<testsuite skipped="0" hostname="DESKTOP-LTHR2NN" name="testingtopic.TC004$TC003" tests="1" failures="0" timestamp="2021-01-18T05:56:49 GMT" time="0.047" errors="0">
  <testcase name="testCase" time="0.047" classname="testingtopic.TC004$TC003"/>
  <system-out>
Running test Case2  </system-out>
</testsuite> <!-- testingtopic.TC004$TC003 -->
